<?xml version="1.0" encoding="UTF-8"?>
<!-- Generated by org.testng.reporters.JUnitReportReporter -->
<testsuite skipped="0" hostname="Lenovo" name="org.t.ing.ClassB" tests="2" failures="0" timestamp="02 Jan 2023 14:52:59 GMT" time="0.031" errors="0">
  <testcase name="tc4" time="0.031" classname="org.t.ing.ClassB"/>
  <testcase name="tc5" time="0.000" classname="org.t.ing.ClassB"/>
</testsuite> <!-- org.t.ing.ClassB -->
