<?xml version="1.0" encoding="UTF-8"?>
<!-- Generated by org.testng.reporters.JUnitReportReporter -->
<testsuite skipped="0" hostname="Lenovo" name="org.t.ing.TestngSample" tests="2" failures="0" timestamp="02 Jan 2023 14:52:59 GMT" time="0.016" errors="0">
  <testcase name="tc1" time="0.000" classname="org.t.ing.TestngSample"/>
  <testcase name="tc2" time="0.016" classname="org.t.ing.TestngSample"/>
</testsuite> <!-- org.t.ing.TestngSample -->
