<?xml version="1.0" encoding="UTF-8"?>
<!-- Generated by org.testng.reporters.JUnitReportReporter -->
<testsuite skipped="0" hostname="Lenovo" name="org.t.ing.ClassC" tests="3" failures="0" timestamp="02 Jan 2023 14:52:59 GMT" time="0.030" errors="0">
  <testcase name="tc7" time="0.015" classname="org.t.ing.ClassC"/>
  <testcase name="tc6" time="0.015" classname="org.t.ing.ClassC"/>
  <testcase name="tc8" time="0.000" classname="org.t.ing.ClassC"/>
</testsuite> <!-- org.t.ing.ClassC -->
